<?xml version="1.0" encoding="UTF-8"?>
<testsuite xmlns:xsi="http://www.w3.org/2001/XMLSchema-instance" xsi:noNamespaceSchemaLocation="https://maven.apache.org/surefire/maven-surefire-plugin/xsd/surefire-test-report-3.0.xsd" version="3.0" name="com.first.api.FirstApiRestApplicationTests" time="9.121" tests="1" errors="0" skipped="0" failures="0">
  <properties>
[...]
</properties>
  <testcase name="contextLoads" classname="com.first.api.FirstApiRestApplicationTests" time="2.47">
    <system-out><![CDATA[19:41:58.275 [main] INFO org.springframework.test.context.support.AnnotationConfigContextLoaderUtils -- Could not detect default configuration classes for test class [com.first.api.FirstApiRestApplicationTests]: FirstApiRestApplicationTests does not declare any static, non-private, non-final, nested classes annotated with @Configuration.
19:41:58.679 [main] INFO org.springframework.boot.test.context.SpringBootTestContextBootstrapper -- Found @SpringBootConfiguration com.first.api.FirstApiRestApplication for test class com.first.api.FirstApiRestApplicationTests

  .   ____          _            __ _ _
 /\\ / ___'_ __ _ _(_)_ __  __ _ \ \ \ \
( ( )\___ | '_ | '_| | '_ \/ _` | \ \ \ \
 \\/  ___)| |_)| | | | | || (_| |  ) ) ) )
  '  |____| .__|_| |_|_| |_\__, | / / / /
 =========|_|==============|___/=/_/_/_/

 :: Spring Boot ::                (v3.3.5)

2025-10-26T19:42:00.086-05:00  INFO 4316 --- [           main] c.f.api.FirstApiRestApplicationTests     : Starting FirstApiRestApplicationTests using Java 17.0.12 with PID 4316 (started by DELL CI7 in C:\Herramientas de Estudios\Proyectos_Desarrollo De Software\Devops\Jenkins\CI\API_EXAMPLE)
2025-10-26T19:42:00.098-05:00  INFO 4316 --- [           main] c.f.api.FirstApiRestApplicationTests     : No active profile set, falling back to 1 default profile: "default"
2025-10-26T19:42:04.062-05:00  INFO 4316 --- [           main] c.f.api.FirstApiRestApplicationTests     : Started FirstApiRestApplicationTests in 4.833 seconds (process running for 8.969)
]]></system-out>
  </testcase>
</testsuite>