<?xml version="1.0" encoding="UTF-8"?>
<testsuite xmlns:xsi="http://www.w3.org/2001/XMLSchema-instance" xsi:noNamespaceSchemaLocation="https://maven.apache.org/surefire/maven-surefire-plugin/xsd/surefire-test-report-3.0.xsd" version="3.0" name="TestApiPets.ExamplesTest" time="6.251" tests="1" errors="0" skipped="0" failures="1">
  <properties>
[...]
</properties>
  <testcase name="testParallel" classname="TestApiPets.ExamplesTest" time="6.179">
    <failure message="js failed:&#10;&gt;&gt;&gt;&gt;&#10;01: karate.set(responseStatus,res)&#10;&lt;&lt;&lt;&lt;&#10;org.graalvm.polyglot.PolyglotException: TypeError: invokeMember (set) on com.intuit.karate.core.ScenarioBridge failed due to: no applicable overload found (overloads: [Method[public void com.intuit.karate.core.ScenarioBridge.set(java.lang.String,java.lang.String,java.lang.Object)], Method[public void com.intuit.karate.core.ScenarioBridge.set(java.util.Map)], Method[public void com.intuit.karate.core.ScenarioBridge.set(java.lang.String,org.graalvm.polyglot.Value)]], arguments: [415 (Integer), com.oracle.truffle.host.HostProxy@4c8ac2aa (HostProxy)])&#10;- &lt;js&gt;.:program(Unnamed:1)&#10;&#10;classpath:TestApiPets/BDD/Features/PET/Components/POST/POST-Crear-Mascota.feature:47 ==&gt; expected: &lt;0&gt; but was: &lt;1&gt;" type="org.opentest4j.AssertionFailedError"><![CDATA[org.opentest4j.AssertionFailedError: 
js failed:
>>>>
01: karate.set(responseStatus,res)
<<<<
org.graalvm.polyglot.PolyglotException: TypeError: invokeMember (set) on com.intuit.karate.core.ScenarioBridge failed due to: no applicable overload found (overloads: [Method[public void com.intuit.karate.core.ScenarioBridge.set(java.lang.String,java.lang.String,java.lang.Object)], Method[public void com.intuit.karate.core.ScenarioBridge.set(java.util.Map)], Method[public void com.intuit.karate.core.ScenarioBridge.set(java.lang.String,org.graalvm.polyglot.Value)]], arguments: [415 (Integer), com.oracle.truffle.host.HostProxy@4c8ac2aa (HostProxy)])
- <js>.:program(Unnamed:1)

classpath:TestApiPets/BDD/Features/PET/Components/POST/POST-Crear-Mascota.feature:47 ==> expected: <0> but was: <1>
	at org.junit.jupiter.api.AssertionFailureBuilder.build(AssertionFailureBuilder.java:151)
	at org.junit.jupiter.api.AssertionFailureBuilder.buildAndThrow(AssertionFailureBuilder.java:132)
	at org.junit.jupiter.api.AssertEquals.failNotEqual(AssertEquals.java:197)
	at org.junit.jupiter.api.AssertEquals.assertEquals(AssertEquals.java:150)
	at org.junit.jupiter.api.Assertions.assertEquals(Assertions.java:563)
	at TestApiPets.ExamplesTest.testParallel(ExamplesTest.java:16)
	at java.base/java.lang.reflect.Method.invoke(Method.java:568)
	at java.base/java.util.ArrayList.forEach(ArrayList.java:1511)
	at java.base/java.util.ArrayList.forEach(ArrayList.java:1511)
]]></failure>
    <system-out><![CDATA[21:17:41.289 [main] INFO  com.intuit.karate.Runner - using system property 'karate.options': --tags @ID-505
21:17:41.460 [main] INFO  com.intuit.karate.Runner - using system property 'karate.env': dev
21:17:42.681 [main] DEBUG com.intuit.karate.Suite - [config] classpath:karate-config.js
21:17:42.699 [main] DEBUG com.intuit.karate.Suite - waiting for 4 features to complete
21:17:44.279 [pool-2-thread-1] INFO  com.intuit.karate - karate.env entorno de anbiente es : dev 
21:17:44.326 [pool-2-thread-1] INFO  com.intuit.karate - urlBase is: https://petstore.swagger.io/v2 
21:17:44.818 [pool-2-thread-1] DEBUG com.intuit.karate - request:
1 > POST https://petstore.swagger.io/v2/pet
1 > Content-Type: text/plain; charset=UTF-8
1 > Content-Length: 45
1 > Host: petstore.swagger.io
1 > Connection: Keep-Alive
1 > User-Agent: Apache-HttpClient/4.5.14 (Java/17.0.12)
1 > Accept-Encoding: gzip,deflate
{"values":"PetInvalid","values":"PetInvalid"}

21:17:45.697 [pool-2-thread-1] DEBUG com.intuit.karate - response time in milliseconds: 862
1 < 415
1 < Date: Sun, 13 Apr 2025 02:17:46 GMT
1 < Content-Type: application/xml
1 < Content-Length: 102
1 < Connection: keep-alive
1 < Access-Control-Allow-Origin: *
1 < Access-Control-Allow-Methods: GET, POST, DELETE, PUT
1 < Access-Control-Allow-Headers: Content-Type, api_key, Authorization
1 < Server: Jetty(9.2.9.v20150224)
<?xml version="1.0" encoding="UTF-8" standalone="yes"?><apiResponse><type>unknown</type></apiResponse>

21:17:45.709 [pool-2-thread-1] INFO  com.intuit.karate - El código de estado es: 415 
21:17:45.714 [pool-2-thread-1] INFO  com.intuit.karate - codigo: 415 
21:17:45.715 [pool-2-thread-1] INFO  com.intuit.karate - codEspected: 400 
21:17:45.715 [pool-2-thread-1] INFO  com.intuit.karate - Message: deseo evaluar si no es 400,devolverme 400 
21:17:45.716 [pool-2-thread-1] INFO  com.intuit.karate - El codigo no coincide, retornando el deseado 
21:17:45.760 [pool-2-thread-1] ERROR com.intuit.karate - classpath:TestApiPets/BDD/Features/PET/Components/POST/POST-Crear-Mascota.feature:47
* karate.set(responseStatus,res)
js failed:
>>>>
01: karate.set(responseStatus,res)
<<<<
org.graalvm.polyglot.PolyglotException: TypeError: invokeMember (set) on com.intuit.karate.core.ScenarioBridge failed due to: no applicable overload found (overloads: [Method[public void com.intuit.karate.core.ScenarioBridge.set(java.lang.String,java.lang.String,java.lang.Object)], Method[public void com.intuit.karate.core.ScenarioBridge.set(java.util.Map)], Method[public void com.intuit.karate.core.ScenarioBridge.set(java.lang.String,org.graalvm.polyglot.Value)]], arguments: [415 (Integer), com.oracle.truffle.host.HostProxy@4c8ac2aa (HostProxy)])
- <js>.:program(Unnamed:1)

classpath:TestApiPets/BDD/Features/PET/Components/POST/POST-Crear-Mascota.feature:47
---------------------------------------------------------
feature: classpath:TestApiPets/BDD/Features/PET/Components/POST/POST-Crear-Mascota.feature
scenarios:  1 | passed:  0 | failed:  1 | time: 1.4347
---------------------------------------------------------

21:17:46.683 [pool-3-thread-1] INFO  com.intuit.karate.Suite - <<fail>> feature 3 of 4 (1 remaining) classpath:TestApiPets/BDD/Features/PET/Components/POST/POST-Crear-Mascota.feature
Karate version: 1.5.0 | env: dev
======================================================
elapsed:   5.41 | threads:    5 | thread time: 1.44 
features:     1 | skipped:    3 | efficiency: 0.05
scenarios:    1 | passed:     0 | failed: 1
======================================================
>>> failed features:
js failed:
>>>>
01: karate.set(responseStatus,res)
<<<<
org.graalvm.polyglot.PolyglotException: TypeError: invokeMember (set) on com.intuit.karate.core.ScenarioBridge failed due to: no applicable overload found (overloads: [Method[public void com.intuit.karate.core.ScenarioBridge.set(java.lang.String,java.lang.String,java.lang.Object)], Method[public void com.intuit.karate.core.ScenarioBridge.set(java.util.Map)], Method[public void com.intuit.karate.core.ScenarioBridge.set(java.lang.String,org.graalvm.polyglot.Value)]], arguments: [415 (Integer), com.oracle.truffle.host.HostProxy@4c8ac2aa (HostProxy)])
- <js>.:program(Unnamed:1)

classpath:TestApiPets/BDD/Features/PET/Components/POST/POST-Crear-Mascota.feature:47
<<<

HTML report: (paste into browser to view) | Karate version: 1.5.0 | env: dev
file:///C:/Herramientas%20de%20Estudios/Proyectos_Desarrollo%20De%20Software/QA%20TESTING%20SOFTWARE/testApi/target/karate-reports/karate-summary.html
===================================================================

]]></system-out>
  </testcase>
</testsuite>