<?xml version="1.0" encoding="UTF-8"?>
<testsuite xmlns:xsi="http://www.w3.org/2001/XMLSchema-instance" xsi:noNamespaceSchemaLocation="https://maven.apache.org/surefire/maven-surefire-plugin/xsd/surefire-test-report-3.0.xsd" version="3.0" name="TestApiPets.ExamplesTest" time="5.423" tests="1" errors="0" skipped="0" failures="0">
  <properties>
[...]
</properties>
  <testcase name="testParallel" classname="TestApiPets.ExamplesTest" time="5.392">
    <system-out><![CDATA[18:52:32.889 [main] INFO  com.intuit.karate.Runner - using system property 'karate.options': --tags @PetByIdOk
18:52:33.059 [main] INFO  com.intuit.karate.Runner - using system property 'karate.env': e2e
18:52:34.059 [main] DEBUG com.intuit.karate.Suite - [config] classpath:karate-config.js
18:52:34.073 [main] INFO  com.intuit.karate.Suite - backed up existing 'target\karate-reports' dir to: target\karate-reports_1743378754068
18:52:35.519 [pool-2-thread-1] INFO  com.intuit.karate - karate.env entorno de anbiente es : e2e 
18:52:35.567 [pool-2-thread-1] INFO  com.intuit.karate - urlBase is: https://petstore.swagger.io/v2 
18:52:35.867 [pool-2-thread-1] DEBUG com.intuit.karate - request:
1 > GET https://petstore.swagger.io/v2/pet/5
1 > Host: petstore.swagger.io
1 > Connection: Keep-Alive
1 > User-Agent: Apache-HttpClient/4.5.14 (Java/17.0.12)
1 > Accept-Encoding: gzip,deflate


18:52:36.631 [pool-2-thread-1] DEBUG com.intuit.karate - response time in milliseconds: 759
1 < 200
1 < Date: Sun, 30 Mar 2025 23:52:36 GMT
1 < Content-Type: application/json
1 < Transfer-Encoding: chunked
1 < Connection: keep-alive
1 < Access-Control-Allow-Origin: *
1 < Access-Control-Allow-Methods: GET, POST, DELETE, PUT
1 < Access-Control-Allow-Headers: Content-Type, api_key, Authorization
1 < Server: Jetty(9.2.9.v20150224)
{"id":5,"category":{"id":0,"name":"string"},"name":"doggie","photoUrls":["string"],"tags":[{"id":0,"name":"string"}],"status":"string"}

---------------------------------------------------------
feature: classpath:TestApiPets/BDD/Features/PET/get/GET_PetByID.feature
scenarios:  1 | passed:  1 | failed:  0 | time: 1.1185
---------------------------------------------------------

18:52:37.591 [pool-3-thread-1] INFO  com.intuit.karate.Suite - <<pass>> feature 1 of 1 (0 remaining) classpath:TestApiPets/BDD/Features/PET/get/GET_PetByID.feature
Karate version: 1.5.0 | env: e2e
======================================================
elapsed:   4.71 | threads:    5 | thread time: 1.12 
features:     1 | skipped:    0 | efficiency: 0.05
scenarios:    1 | passed:     1 | failed: 0
======================================================

HTML report: (paste into browser to view) | Karate version: 1.5.0 | env: e2e
file:///C:/Herramientas%20de%20Estudios/Proyectos_Desarrollo%20De%20Software/QA%20TESTING%20SOFTWARE/testApi/target/karate-reports/karate-summary.html
===================================================================

]]></system-out>
  </testcase>
</testsuite>