<!DOCTYPE html>
<html lang="en">
  <head>
    <meta charset="utf-8"/>
    <meta name="viewport" content="width=device-width, initial-scale=1, shrink-to-fit=no"/>
    <link rel="stylesheet" href="res/bootstrap.min.css" type="text/css"/>
    <link rel="stylesheet" href="res/karate-report.css" type="text/css"/>
    <link rel="shortcut icon" href="favicon.ico"/>
    <script type="text/javascript" src="res/jquery.min.js"></script>
    <script type="text/javascript" src="res/jquery.tablesorter.min.js"></script>
    <script type="text/javascript" src="res/jquery-ui.min.js"></script>
    <script type="text/javascript" src="res/bootstrap.min.js"></script>
    <script type="text/javascript" src="res/karate-report.js"></script>
    <script type="text/javascript" src="res/Resemble.js"></script>
    <script>
!function(t,e){var o,n,p,r;e.__SV||(window.posthog=e,e._i=[],e.init=function(i,s,a){function g(t,e){var o=e.split(".");2==o.length&&(t=t[o[0]],e=o[1]),t[e]=function(){t.push([e].concat(Array.prototype.slice.call(arguments,0)))}}(p=t.createElement("script")).type="text/javascript",p.async=!0,p.src=s.api_host+"/static/array.js",(r=t.getElementsByTagName("script")[0]).parentNode.insertBefore(p,r);var u=e;for(void 0!==a?u=e[a]=[]:a="posthog",u.people=u.people||[],u.toString=function(t){var e="posthog";return"posthog"!==a&&(e+="."+a),t||(e+=" (stub)"),e},u.people.toString=function(){return u.toString(1)+".people (stub)"},o="capture identify alias people.set people.set_once set_config register register_once unregister opt_out_capturing has_opted_out_capturing opt_in_capturing reset isFeatureEnabled onFeatureFlags".split(" "),n=0;n<o.length;n++)g(u,o[n]);e._i.push([i,s,a])},e.__SV=1)}(document,window.posthog||[]);
posthog.init('phc_M6fKk3dSX9HjglkqPSybauGas45NINb7EgsPGU8N9g1',{
  api_host:'https://app.posthog.com',
  persistence:'localStorage',
  autocapture:false,
  capture_pageview:false,
  api_transport:'sendBeacon',
  loaded: function(posthog) { 
    posthog.capture("report_feature",{distinct_id:"a5e4a165-2f14-48e3-ad69-3019ff47e9fd",karate_version:"1.5.0",karate_meta:null});
  }
});
</script>

    <title>TestApiPets.BDD.Features.PET.GET.GET_PetByID</title>
  </head>
  <body>
    <div id="root-container">
      <div id="leftnav">
        
        <div>
  <div class="nav-logo">
    <a href="https://karatelabs.io">
      <img src="karate-labs-logo-ring.svg" alt="Karate Labs"/>
    </a>
    <div class="nav-count">
      <div id="nav-pass" class="bg-success">0</div>
      <div id="nav-fail" class="bg-danger">10</div>
    </div>
  </div>
  <div id="nav-env">
    <div></div>
  </div>
  <div id="nav-type">
    <div>Scenarios</div>
  </div>
  <div id="nav-date">
    <div>2025-04-06 08:15:38 p.Â m.</div>
  </div>
</div>

        <div class="nav-container">
          <div class="nav-item failed">
            <a href="#[1.1:16]"><span>[1.1:16]</span> <span>Buscar mascota por su id ok</span></a>
          </div>
          <div class="nav-item failed">
            <a href="#[1.2:17]"><span>[1.2:17]</span> <span>Buscar mascota por su id ok</span></a>
          </div>
          <div class="nav-item failed">
            <a href="#[1.3:18]"><span>[1.3:18]</span> <span>Buscar mascota por su id ok</span></a>
          </div>
          <div class="nav-item failed">
            <a href="#[1.4:19]"><span>[1.4:19]</span> <span>Buscar mascota por su id ok</span></a>
          </div>
          <div class="nav-item failed">
            <a href="#[1.5:20]"><span>[1.5:20]</span> <span>Buscar mascota por su id ok</span></a>
          </div>
          <div class="nav-item failed">
            <a href="#[2.1:33]"><span>[2.1:33]</span> <span>buscar mascota por id no existente no ok retornano 404 not found</span></a>
          </div>
          <div class="nav-item failed">
            <a href="#[2.2:34]"><span>[2.2:34]</span> <span>buscar mascota por id no existente no ok retornano 404 not found</span></a>
          </div>
          <div class="nav-item failed">
            <a href="#[2.3:35]"><span>[2.3:35]</span> <span>buscar mascota por id no existente no ok retornano 404 not found</span></a>
          </div>
          <div class="nav-item failed">
            <a href="#[3.1:46]"><span>[3.1:46]</span> <span>buscar mascota por id con caraceteres no validos o especiales</span></a>
          </div>
          <div class="nav-item failed">
            <a href="#[3.2:47]"><span>[3.2:47]</span> <span>buscar mascota por id con caraceteres no validos o especiales</span></a>
          </div>
        </div>
      </div>
      <div id="content">
        <div class="page-heading alert alert-primary">
          <a href="karate-summary.html">Summary</a><span class="feature-label">|</span>
          <a href="karate-tags.html">Tags</a><span class="feature-label">|</span>
          <span class="feature-label">Feature:</span>
          <span class="feature-path">TestApiPets/BDD/Features/PET/GET/GET_PetByID.feature</span><span class="feature-label">|</span>
          <span class="feature-name">Yo como usuario deseo Buscar una mascota por medio de id</span>
          <span class="feature-description"></span>
        </div>
        <div class="scenario">
          <div class="scenario-heading" id="[1.1:16]">
            <div class="heading-container">
              <div class="scenario-tags">
                <a class="badge badge-primary" href="karate-tags.html">Happypath</a><a class="badge badge-primary" href="karate-tags.html">PetByIdOk</a><a class="badge badge-primary" href="karate-tags.html">componente</a>
              </div>
              <div class="scenario-keyword">
                Scenario: <span>[1.1:16]</span>
                <span class="scenario-name">Buscar mascota por su id ok</span>
                <span></span>
              </div>
            </div>
            <div class="scenario-time failed">
              <span>ms:</span>&nbsp;<span>1691</span>
            </div>
          </div>
          <div class="step-row">
            <div class="step-container" id="[1.1:16]bg">
              <div class="step-ref bg-step">&gt;&gt;</div>
              <div class="step-cell passed">Background:</div>
            </div>
            <div class="time-cell passed"></div>
          </div>
          <div data-parent="[1.1:16]bg"><div>
  

  

  <div class="step-row">
    <div class="step-container" id="1.3">
      <div class="step-ref bg-step">3</div>
      
      <div class="step-cell passed">
        <span>*</span>&nbsp;<span>def URL = karate.get(&#39;urlBase&#39;)</span>
      </div>
    </div>
    <div class="time-cell passed">6</div>
  </div>

   
  
  

  

  <div class="preformatted" data-parent="1.3">20:15:34.412 karate.env entorno de anbiente es : null 
</div>   

  

</div>
</div>
          <div data-parent="[1.1:16]bg"><div>
  

  

  <div class="step-row">
    <div class="step-container" id="1.4">
      <div class="step-ref bg-step">4</div>
      
      <div class="step-cell passed">
        <span>*</span>&nbsp;<span>def path = &#39;/pet/&#39;</span>
      </div>
    </div>
    <div class="time-cell passed">1</div>
  </div>

   
  
  

  

     

  

</div>
</div>
          <div data-parent="[1.1:16]bg"><div>
  

  

  <div class="step-row">
    <div class="step-container" id="1.5">
      <div class="step-ref bg-step">5</div>
      
      <div class="step-cell passed">
        <span>*</span>&nbsp;<span>karate.log(&#39;urlBase is:&#39;, URL)</span>
      </div>
    </div>
    <div class="time-cell passed">3</div>
  </div>

   
  
  

  

  <div class="preformatted" data-parent="1.5">20:15:34.456 urlBase is: https://petstore.swagger.io/v2 
</div>   

  

</div>
</div>
          <div data-parent="[1.1:16]bg"><div>
  

  

  <div class="step-row">
    <div class="step-container" id="1.6">
      <div class="step-ref bg-step">6</div>
      
      <div class="step-cell passed">
        <span>*</span>&nbsp;<span>def EspectedJson = read(&#39;../Utils/Responses/GET/Get_PetById.json&#39;)</span>
      </div>
    </div>
    <div class="time-cell passed">89</div>
  </div>

   
  
  

  

     

  

</div>
</div>
          <div><div>
  

  

  <div class="step-row">
    <div class="step-container" id="1.10">
      <div class="step-ref passed">10</div>
      
      <div class="step-cell passed">
        <span>Given</span>&nbsp;<span>url URL + path + 1</span>
      </div>
    </div>
    <div class="time-cell passed">10</div>
  </div>

   
  
  

  

     

  

</div>
</div>
          <div><div>
  

  

  <div class="step-row">
    <div class="step-container" id="1.11">
      <div class="step-ref failed">11</div>
      
      <div class="step-cell failed">
        <span>When</span>&nbsp;<span>method GET</span>
      </div>
    </div>
    <div class="time-cell failed">1582</div>
  </div>

   
  
  

  

  <div class="preformatted" data-parent="1.11">20:15:34.959 request:
1 &gt; GET https://petstore.swagger.io/v2/pet/1
1 &gt; Host: petstore.swagger.io
1 &gt; Connection: Keep-Alive
1 &gt; User-Agent: Apache-HttpClient/4.5.14 (Java/17.0.13)
1 &gt; Accept-Encoding: gzip,deflate


20:15:36.139 javax.net.ssl.SSLHandshakeException: PKIX path building failed: sun.security.provider.certpath.SunCertPathBuilderException: unable to find valid certification path to requested target, http call failed after 1572 milliseconds for url: https://petstore.swagger.io/v2/pet/1
20:15:36.140 classpath:TestApiPets/BDD/Features/PET/GET/GET_PetByID.feature:11
When method GET
http call failed after 1572 milliseconds for url: https://petstore.swagger.io/v2/pet/1
javax.net.ssl.SSLHandshakeException: PKIX path building failed: sun.security.provider.certpath.SunCertPathBuilderException: unable to find valid certification path to requested target
classpath:TestApiPets/BDD/Features/PET/GET/GET_PetByID.feature:11
</div>   

  

</div>
</div>
          <div><div>
  

  

  <div class="step-row">
    <div class="step-container" id="1.12">
      <div class="step-ref skipped">12</div>
      
      <div class="step-cell skipped">
        <span>Then</span>&nbsp;<span>status 200</span>
      </div>
    </div>
    <div class="time-cell skipped">0</div>
  </div>

   
  
  

  

     

  

</div>
</div>
          <div><div>
  

  

  <div class="step-row">
    <div class="step-container" id="1.13">
      <div class="step-ref skipped">13</div>
      
      <div class="step-cell skipped">
        <span>And</span>&nbsp;<span>match response $ == EspectedJson</span>
      </div>
    </div>
    <div class="time-cell skipped">0</div>
  </div>

   
  
  

  

     

  

</div>
</div>
        </div>
        <div class="scenario">
          <div class="scenario-heading" id="[1.2:17]">
            <div class="heading-container">
              <div class="scenario-tags">
                <a class="badge badge-primary" href="karate-tags.html">Happypath</a><a class="badge badge-primary" href="karate-tags.html">PetByIdOk</a><a class="badge badge-primary" href="karate-tags.html">componente</a>
              </div>
              <div class="scenario-keyword">
                Scenario: <span>[1.2:17]</span>
                <span class="scenario-name">Buscar mascota por su id ok</span>
                <span></span>
              </div>
            </div>
            <div class="scenario-time failed">
              <span>ms:</span>&nbsp;<span>262</span>
            </div>
          </div>
          <div class="step-row">
            <div class="step-container" id="[1.2:17]bg">
              <div class="step-ref bg-step">&gt;&gt;</div>
              <div class="step-cell passed">Background:</div>
            </div>
            <div class="time-cell passed"></div>
          </div>
          <div data-parent="[1.2:17]bg"><div>
  

  

  <div class="step-row">
    <div class="step-container" id="2.3">
      <div class="step-ref bg-step">3</div>
      
      <div class="step-cell passed">
        <span>*</span>&nbsp;<span>def URL = karate.get(&#39;urlBase&#39;)</span>
      </div>
    </div>
    <div class="time-cell passed">4</div>
  </div>

   
  
  

  

  <div class="preformatted" data-parent="2.3">20:15:36.178 karate.env entorno de anbiente es : null 
</div>   

  

</div>
</div>
          <div data-parent="[1.2:17]bg"><div>
  

  

  <div class="step-row">
    <div class="step-container" id="2.4">
      <div class="step-ref bg-step">4</div>
      
      <div class="step-cell passed">
        <span>*</span>&nbsp;<span>def path = &#39;/pet/&#39;</span>
      </div>
    </div>
    <div class="time-cell passed">2</div>
  </div>

   
  
  

  

     

  

</div>
</div>
          <div data-parent="[1.2:17]bg"><div>
  

  

  <div class="step-row">
    <div class="step-container" id="2.5">
      <div class="step-ref bg-step">5</div>
      
      <div class="step-cell passed">
        <span>*</span>&nbsp;<span>karate.log(&#39;urlBase is:&#39;, URL)</span>
      </div>
    </div>
    <div class="time-cell passed">3</div>
  </div>

   
  
  

  

  <div class="preformatted" data-parent="2.5">20:15:36.190 urlBase is: https://petstore.swagger.io/v2 
</div>   

  

</div>
</div>
          <div data-parent="[1.2:17]bg"><div>
  

  

  <div class="step-row">
    <div class="step-container" id="2.6">
      <div class="step-ref bg-step">6</div>
      
      <div class="step-cell passed">
        <span>*</span>&nbsp;<span>def EspectedJson = read(&#39;../Utils/Responses/GET/Get_PetById.json&#39;)</span>
      </div>
    </div>
    <div class="time-cell passed">3</div>
  </div>

   
  
  

  

     

  

</div>
</div>
          <div><div>
  

  

  <div class="step-row">
    <div class="step-container" id="2.10">
      <div class="step-ref passed">10</div>
      
      <div class="step-cell passed">
        <span>Given</span>&nbsp;<span>url URL + path + 2</span>
      </div>
    </div>
    <div class="time-cell passed">2</div>
  </div>

   
  
  

  

     

  

</div>
</div>
          <div><div>
  

  

  <div class="step-row">
    <div class="step-container" id="2.11">
      <div class="step-ref failed">11</div>
      
      <div class="step-cell failed">
        <span>When</span>&nbsp;<span>method GET</span>
      </div>
    </div>
    <div class="time-cell failed">249</div>
  </div>

   
  
  

  

  <div class="preformatted" data-parent="2.11">20:15:36.198 request:
1 &gt; GET https://petstore.swagger.io/v2/pet/2
1 &gt; Host: petstore.swagger.io
1 &gt; Connection: Keep-Alive
1 &gt; User-Agent: Apache-HttpClient/4.5.14 (Java/17.0.13)
1 &gt; Accept-Encoding: gzip,deflate


20:15:36.444 javax.net.ssl.SSLHandshakeException: PKIX path building failed: sun.security.provider.certpath.SunCertPathBuilderException: unable to find valid certification path to requested target, http call failed after 248 milliseconds for url: https://petstore.swagger.io/v2/pet/2
20:15:36.445 classpath:TestApiPets/BDD/Features/PET/GET/GET_PetByID.feature:11
When method GET
http call failed after 248 milliseconds for url: https://petstore.swagger.io/v2/pet/2
javax.net.ssl.SSLHandshakeException: PKIX path building failed: sun.security.provider.certpath.SunCertPathBuilderException: unable to find valid certification path to requested target
classpath:TestApiPets/BDD/Features/PET/GET/GET_PetByID.feature:11
</div>   

  

</div>
</div>
          <div><div>
  

  

  <div class="step-row">
    <div class="step-container" id="2.12">
      <div class="step-ref skipped">12</div>
      
      <div class="step-cell skipped">
        <span>Then</span>&nbsp;<span>status 200</span>
      </div>
    </div>
    <div class="time-cell skipped">0</div>
  </div>

   
  
  

  

     

  

</div>
</div>
          <div><div>
  

  

  <div class="step-row">
    <div class="step-container" id="2.13">
      <div class="step-ref skipped">13</div>
      
      <div class="step-cell skipped">
        <span>And</span>&nbsp;<span>match response $ == EspectedJson</span>
      </div>
    </div>
    <div class="time-cell skipped">0</div>
  </div>

   
  
  

  

     

  

</div>
</div>
        </div>
        <div class="scenario">
          <div class="scenario-heading" id="[1.3:18]">
            <div class="heading-container">
              <div class="scenario-tags">
                <a class="badge badge-primary" href="karate-tags.html">Happypath</a><a class="badge badge-primary" href="karate-tags.html">PetByIdOk</a><a class="badge badge-primary" href="karate-tags.html">componente</a>
              </div>
              <div class="scenario-keyword">
                Scenario: <span>[1.3:18]</span>
                <span class="scenario-name">Buscar mascota por su id ok</span>
                <span></span>
              </div>
            </div>
            <div class="scenario-time failed">
              <span>ms:</span>&nbsp;<span>252</span>
            </div>
          </div>
          <div class="step-row">
            <div class="step-container" id="[1.3:18]bg">
              <div class="step-ref bg-step">&gt;&gt;</div>
              <div class="step-cell passed">Background:</div>
            </div>
            <div class="time-cell passed"></div>
          </div>
          <div data-parent="[1.3:18]bg"><div>
  

  

  <div class="step-row">
    <div class="step-container" id="3.3">
      <div class="step-ref bg-step">3</div>
      
      <div class="step-cell passed">
        <span>*</span>&nbsp;<span>def URL = karate.get(&#39;urlBase&#39;)</span>
      </div>
    </div>
    <div class="time-cell passed">1</div>
  </div>

   
  
  

  

  <div class="preformatted" data-parent="3.3">20:15:36.460 karate.env entorno de anbiente es : null 
</div>   

  

</div>
</div>
          <div data-parent="[1.3:18]bg"><div>
  

  

  <div class="step-row">
    <div class="step-container" id="3.4">
      <div class="step-ref bg-step">4</div>
      
      <div class="step-cell passed">
        <span>*</span>&nbsp;<span>def path = &#39;/pet/&#39;</span>
      </div>
    </div>
    <div class="time-cell passed">0</div>
  </div>

   
  
  

  

     

  

</div>
</div>
          <div data-parent="[1.3:18]bg"><div>
  

  

  <div class="step-row">
    <div class="step-container" id="3.5">
      <div class="step-ref bg-step">5</div>
      
      <div class="step-cell passed">
        <span>*</span>&nbsp;<span>karate.log(&#39;urlBase is:&#39;, URL)</span>
      </div>
    </div>
    <div class="time-cell passed">1</div>
  </div>

   
  
  

  

  <div class="preformatted" data-parent="3.5">20:15:36.464 urlBase is: https://petstore.swagger.io/v2 
</div>   

  

</div>
</div>
          <div data-parent="[1.3:18]bg"><div>
  

  

  <div class="step-row">
    <div class="step-container" id="3.6">
      <div class="step-ref bg-step">6</div>
      
      <div class="step-cell passed">
        <span>*</span>&nbsp;<span>def EspectedJson = read(&#39;../Utils/Responses/GET/Get_PetById.json&#39;)</span>
      </div>
    </div>
    <div class="time-cell passed">1</div>
  </div>

   
  
  

  

     

  

</div>
</div>
          <div><div>
  

  

  <div class="step-row">
    <div class="step-container" id="3.10">
      <div class="step-ref passed">10</div>
      
      <div class="step-cell passed">
        <span>Given</span>&nbsp;<span>url URL + path + 3</span>
      </div>
    </div>
    <div class="time-cell passed">1</div>
  </div>

   
  
  

  

     

  

</div>
</div>
          <div><div>
  

  

  <div class="step-row">
    <div class="step-container" id="3.11">
      <div class="step-ref failed">11</div>
      
      <div class="step-cell failed">
        <span>When</span>&nbsp;<span>method GET</span>
      </div>
    </div>
    <div class="time-cell failed">247</div>
  </div>

   
  
  

  

  <div class="preformatted" data-parent="3.11">20:15:36.469 request:
1 &gt; GET https://petstore.swagger.io/v2/pet/3
1 &gt; Host: petstore.swagger.io
1 &gt; Connection: Keep-Alive
1 &gt; User-Agent: Apache-HttpClient/4.5.14 (Java/17.0.13)
1 &gt; Accept-Encoding: gzip,deflate


20:15:36.715 javax.net.ssl.SSLHandshakeException: PKIX path building failed: sun.security.provider.certpath.SunCertPathBuilderException: unable to find valid certification path to requested target, http call failed after 248 milliseconds for url: https://petstore.swagger.io/v2/pet/3
20:15:36.716 classpath:TestApiPets/BDD/Features/PET/GET/GET_PetByID.feature:11
When method GET
http call failed after 248 milliseconds for url: https://petstore.swagger.io/v2/pet/3
javax.net.ssl.SSLHandshakeException: PKIX path building failed: sun.security.provider.certpath.SunCertPathBuilderException: unable to find valid certification path to requested target
classpath:TestApiPets/BDD/Features/PET/GET/GET_PetByID.feature:11
</div>   

  

</div>
</div>
          <div><div>
  

  

  <div class="step-row">
    <div class="step-container" id="3.12">
      <div class="step-ref skipped">12</div>
      
      <div class="step-cell skipped">
        <span>Then</span>&nbsp;<span>status 200</span>
      </div>
    </div>
    <div class="time-cell skipped">0</div>
  </div>

   
  
  

  

     

  

</div>
</div>
          <div><div>
  

  

  <div class="step-row">
    <div class="step-container" id="3.13">
      <div class="step-ref skipped">13</div>
      
      <div class="step-cell skipped">
        <span>And</span>&nbsp;<span>match response $ == EspectedJson</span>
      </div>
    </div>
    <div class="time-cell skipped">0</div>
  </div>

   
  
  

  

     

  

</div>
</div>
        </div>
        <div class="scenario">
          <div class="scenario-heading" id="[1.4:19]">
            <div class="heading-container">
              <div class="scenario-tags">
                <a class="badge badge-primary" href="karate-tags.html">Happypath</a><a class="badge badge-primary" href="karate-tags.html">PetByIdOk</a><a class="badge badge-primary" href="karate-tags.html">componente</a>
              </div>
              <div class="scenario-keyword">
                Scenario: <span>[1.4:19]</span>
                <span class="scenario-name">Buscar mascota por su id ok</span>
                <span></span>
              </div>
            </div>
            <div class="scenario-time failed">
              <span>ms:</span>&nbsp;<span>250</span>
            </div>
          </div>
          <div class="step-row">
            <div class="step-container" id="[1.4:19]bg">
              <div class="step-ref bg-step">&gt;&gt;</div>
              <div class="step-cell passed">Background:</div>
            </div>
            <div class="time-cell passed"></div>
          </div>
          <div data-parent="[1.4:19]bg"><div>
  

  

  <div class="step-row">
    <div class="step-container" id="4.3">
      <div class="step-ref bg-step">3</div>
      
      <div class="step-cell passed">
        <span>*</span>&nbsp;<span>def URL = karate.get(&#39;urlBase&#39;)</span>
      </div>
    </div>
    <div class="time-cell passed">1</div>
  </div>

   
  
  

  

  <div class="preformatted" data-parent="4.3">20:15:36.728 karate.env entorno de anbiente es : null 
</div>   

  

</div>
</div>
          <div data-parent="[1.4:19]bg"><div>
  

  

  <div class="step-row">
    <div class="step-container" id="4.4">
      <div class="step-ref bg-step">4</div>
      
      <div class="step-cell passed">
        <span>*</span>&nbsp;<span>def path = &#39;/pet/&#39;</span>
      </div>
    </div>
    <div class="time-cell passed">0</div>
  </div>

   
  
  

  

     

  

</div>
</div>
          <div data-parent="[1.4:19]bg"><div>
  

  

  <div class="step-row">
    <div class="step-container" id="4.5">
      <div class="step-ref bg-step">5</div>
      
      <div class="step-cell passed">
        <span>*</span>&nbsp;<span>karate.log(&#39;urlBase is:&#39;, URL)</span>
      </div>
    </div>
    <div class="time-cell passed">1</div>
  </div>

   
  
  

  

  <div class="preformatted" data-parent="4.5">20:15:36.732 urlBase is: https://petstore.swagger.io/v2 
</div>   

  

</div>
</div>
          <div data-parent="[1.4:19]bg"><div>
  

  

  <div class="step-row">
    <div class="step-container" id="4.6">
      <div class="step-ref bg-step">6</div>
      
      <div class="step-cell passed">
        <span>*</span>&nbsp;<span>def EspectedJson = read(&#39;../Utils/Responses/GET/Get_PetById.json&#39;)</span>
      </div>
    </div>
    <div class="time-cell passed">2</div>
  </div>

   
  
  

  

     

  

</div>
</div>
          <div><div>
  

  

  <div class="step-row">
    <div class="step-container" id="4.10">
      <div class="step-ref passed">10</div>
      
      <div class="step-cell passed">
        <span>Given</span>&nbsp;<span>url URL + path + 4</span>
      </div>
    </div>
    <div class="time-cell passed">1</div>
  </div>

   
  
  

  

     

  

</div>
</div>
          <div><div>
  

  

  <div class="step-row">
    <div class="step-container" id="4.11">
      <div class="step-ref failed">11</div>
      
      <div class="step-cell failed">
        <span>When</span>&nbsp;<span>method GET</span>
      </div>
    </div>
    <div class="time-cell failed">245</div>
  </div>

   
  
  

  

  <div class="preformatted" data-parent="4.11">20:15:36.737 request:
1 &gt; GET https://petstore.swagger.io/v2/pet/4
1 &gt; Host: petstore.swagger.io
1 &gt; Connection: Keep-Alive
1 &gt; User-Agent: Apache-HttpClient/4.5.14 (Java/17.0.13)
1 &gt; Accept-Encoding: gzip,deflate


20:15:36.980 javax.net.ssl.SSLHandshakeException: PKIX path building failed: sun.security.provider.certpath.SunCertPathBuilderException: unable to find valid certification path to requested target, http call failed after 244 milliseconds for url: https://petstore.swagger.io/v2/pet/4
20:15:36.980 classpath:TestApiPets/BDD/Features/PET/GET/GET_PetByID.feature:11
When method GET
http call failed after 244 milliseconds for url: https://petstore.swagger.io/v2/pet/4
javax.net.ssl.SSLHandshakeException: PKIX path building failed: sun.security.provider.certpath.SunCertPathBuilderException: unable to find valid certification path to requested target
classpath:TestApiPets/BDD/Features/PET/GET/GET_PetByID.feature:11
</div>   

  

</div>
</div>
          <div><div>
  

  

  <div class="step-row">
    <div class="step-container" id="4.12">
      <div class="step-ref skipped">12</div>
      
      <div class="step-cell skipped">
        <span>Then</span>&nbsp;<span>status 200</span>
      </div>
    </div>
    <div class="time-cell skipped">0</div>
  </div>

   
  
  

  

     

  

</div>
</div>
          <div><div>
  

  

  <div class="step-row">
    <div class="step-container" id="4.13">
      <div class="step-ref skipped">13</div>
      
      <div class="step-cell skipped">
        <span>And</span>&nbsp;<span>match response $ == EspectedJson</span>
      </div>
    </div>
    <div class="time-cell skipped">0</div>
  </div>

   
  
  

  

     

  

</div>
</div>
        </div>
        <div class="scenario">
          <div class="scenario-heading" id="[1.5:20]">
            <div class="heading-container">
              <div class="scenario-tags">
                <a class="badge badge-primary" href="karate-tags.html">Happypath</a><a class="badge badge-primary" href="karate-tags.html">PetByIdOk</a><a class="badge badge-primary" href="karate-tags.html">componente</a>
              </div>
              <div class="scenario-keyword">
                Scenario: <span>[1.5:20]</span>
                <span class="scenario-name">Buscar mascota por su id ok</span>
                <span></span>
              </div>
            </div>
            <div class="scenario-time failed">
              <span>ms:</span>&nbsp;<span>245</span>
            </div>
          </div>
          <div class="step-row">
            <div class="step-container" id="[1.5:20]bg">
              <div class="step-ref bg-step">&gt;&gt;</div>
              <div class="step-cell passed">Background:</div>
            </div>
            <div class="time-cell passed"></div>
          </div>
          <div data-parent="[1.5:20]bg"><div>
  

  

  <div class="step-row">
    <div class="step-container" id="5.3">
      <div class="step-ref bg-step">3</div>
      
      <div class="step-cell passed">
        <span>*</span>&nbsp;<span>def URL = karate.get(&#39;urlBase&#39;)</span>
      </div>
    </div>
    <div class="time-cell passed">1</div>
  </div>

   
  
  

  

  <div class="preformatted" data-parent="5.3">20:15:36.996 karate.env entorno de anbiente es : null 
</div>   

  

</div>
</div>
          <div data-parent="[1.5:20]bg"><div>
  

  

  <div class="step-row">
    <div class="step-container" id="5.4">
      <div class="step-ref bg-step">4</div>
      
      <div class="step-cell passed">
        <span>*</span>&nbsp;<span>def path = &#39;/pet/&#39;</span>
      </div>
    </div>
    <div class="time-cell passed">1</div>
  </div>

   
  
  

  

     

  

</div>
</div>
          <div data-parent="[1.5:20]bg"><div>
  

  

  <div class="step-row">
    <div class="step-container" id="5.5">
      <div class="step-ref bg-step">5</div>
      
      <div class="step-cell passed">
        <span>*</span>&nbsp;<span>karate.log(&#39;urlBase is:&#39;, URL)</span>
      </div>
    </div>
    <div class="time-cell passed">1</div>
  </div>

   
  
  

  

  <div class="preformatted" data-parent="5.5">20:15:37.000 urlBase is: https://petstore.swagger.io/v2 
</div>   

  

</div>
</div>
          <div data-parent="[1.5:20]bg"><div>
  

  

  <div class="step-row">
    <div class="step-container" id="5.6">
      <div class="step-ref bg-step">6</div>
      
      <div class="step-cell passed">
        <span>*</span>&nbsp;<span>def EspectedJson = read(&#39;../Utils/Responses/GET/Get_PetById.json&#39;)</span>
      </div>
    </div>
    <div class="time-cell passed">2</div>
  </div>

   
  
  

  

     

  

</div>
</div>
          <div><div>
  

  

  <div class="step-row">
    <div class="step-container" id="5.10">
      <div class="step-ref passed">10</div>
      
      <div class="step-cell passed">
        <span>Given</span>&nbsp;<span>url URL + path + 5</span>
      </div>
    </div>
    <div class="time-cell passed">2</div>
  </div>

   
  
  

  

     

  

</div>
</div>
          <div><div>
  

  

  <div class="step-row">
    <div class="step-container" id="5.11">
      <div class="step-ref failed">11</div>
      
      <div class="step-cell failed">
        <span>When</span>&nbsp;<span>method GET</span>
      </div>
    </div>
    <div class="time-cell failed">239</div>
  </div>

   
  
  

  

  <div class="preformatted" data-parent="5.11">20:15:37.005 request:
1 &gt; GET https://petstore.swagger.io/v2/pet/5
1 &gt; Host: petstore.swagger.io
1 &gt; Connection: Keep-Alive
1 &gt; User-Agent: Apache-HttpClient/4.5.14 (Java/17.0.13)
1 &gt; Accept-Encoding: gzip,deflate


20:15:37.243 javax.net.ssl.SSLHandshakeException: PKIX path building failed: sun.security.provider.certpath.SunCertPathBuilderException: unable to find valid certification path to requested target, http call failed after 238 milliseconds for url: https://petstore.swagger.io/v2/pet/5
20:15:37.243 classpath:TestApiPets/BDD/Features/PET/GET/GET_PetByID.feature:11
When method GET
http call failed after 238 milliseconds for url: https://petstore.swagger.io/v2/pet/5
javax.net.ssl.SSLHandshakeException: PKIX path building failed: sun.security.provider.certpath.SunCertPathBuilderException: unable to find valid certification path to requested target
classpath:TestApiPets/BDD/Features/PET/GET/GET_PetByID.feature:11
</div>   

  

</div>
</div>
          <div><div>
  

  

  <div class="step-row">
    <div class="step-container" id="5.12">
      <div class="step-ref skipped">12</div>
      
      <div class="step-cell skipped">
        <span>Then</span>&nbsp;<span>status 200</span>
      </div>
    </div>
    <div class="time-cell skipped">0</div>
  </div>

   
  
  

  

     

  

</div>
</div>
          <div><div>
  

  

  <div class="step-row">
    <div class="step-container" id="5.13">
      <div class="step-ref skipped">13</div>
      
      <div class="step-cell skipped">
        <span>And</span>&nbsp;<span>match response $ == EspectedJson</span>
      </div>
    </div>
    <div class="time-cell skipped">0</div>
  </div>

   
  
  

  

     

  

</div>
</div>
        </div>
        <div class="scenario">
          <div class="scenario-heading" id="[2.1:33]">
            <div class="heading-container">
              <div class="scenario-tags">
                <a class="badge badge-primary" href="karate-tags.html">UnhappyPath</a><a class="badge badge-primary" href="karate-tags.html">PetByNoOk</a><a class="badge badge-primary" href="karate-tags.html">componente</a>
              </div>
              <div class="scenario-keyword">
                Scenario: <span>[2.1:33]</span>
                <span class="scenario-name">buscar mascota por id no existente no ok retornano 404 not found</span>
                <span></span>
              </div>
            </div>
            <div class="scenario-time failed">
              <span>ms:</span>&nbsp;<span>244</span>
            </div>
          </div>
          <div class="step-row">
            <div class="step-container" id="[2.1:33]bg">
              <div class="step-ref bg-step">&gt;&gt;</div>
              <div class="step-cell passed">Background:</div>
            </div>
            <div class="time-cell passed"></div>
          </div>
          <div data-parent="[2.1:33]bg"><div>
  

  

  <div class="step-row">
    <div class="step-container" id="1.3">
      <div class="step-ref bg-step">3</div>
      
      <div class="step-cell passed">
        <span>*</span>&nbsp;<span>def URL = karate.get(&#39;urlBase&#39;)</span>
      </div>
    </div>
    <div class="time-cell passed">2</div>
  </div>

   
  
  

  

  <div class="preformatted" data-parent="1.3">20:15:37.260 karate.env entorno de anbiente es : null 
</div>   

  

</div>
</div>
          <div data-parent="[2.1:33]bg"><div>
  

  

  <div class="step-row">
    <div class="step-container" id="1.4">
      <div class="step-ref bg-step">4</div>
      
      <div class="step-cell passed">
        <span>*</span>&nbsp;<span>def path = &#39;/pet/&#39;</span>
      </div>
    </div>
    <div class="time-cell passed">0</div>
  </div>

   
  
  

  

     

  

</div>
</div>
          <div data-parent="[2.1:33]bg"><div>
  

  

  <div class="step-row">
    <div class="step-container" id="1.5">
      <div class="step-ref bg-step">5</div>
      
      <div class="step-cell passed">
        <span>*</span>&nbsp;<span>karate.log(&#39;urlBase is:&#39;, URL)</span>
      </div>
    </div>
    <div class="time-cell passed">1</div>
  </div>

   
  
  

  

  <div class="preformatted" data-parent="1.5">20:15:37.264 urlBase is: https://petstore.swagger.io/v2 
</div>   

  

</div>
</div>
          <div data-parent="[2.1:33]bg"><div>
  

  

  <div class="step-row">
    <div class="step-container" id="1.6">
      <div class="step-ref bg-step">6</div>
      
      <div class="step-cell passed">
        <span>*</span>&nbsp;<span>def EspectedJson = read(&#39;../Utils/Responses/GET/Get_PetById.json&#39;)</span>
      </div>
    </div>
    <div class="time-cell passed">1</div>
  </div>

   
  
  

  

     

  

</div>
</div>
          <div><div>
  

  

  <div class="step-row">
    <div class="step-container" id="1.25">
      <div class="step-ref passed">25</div>
      
      <div class="step-cell passed">
        <span>Given</span>&nbsp;<span>url URL + path + &#39;-1&#39;</span>
      </div>
    </div>
    <div class="time-cell passed">1</div>
  </div>

   
  
  

  

     

  

</div>
</div>
          <div><div>
  

  

  <div class="step-row">
    <div class="step-container" id="1.26">
      <div class="step-ref failed">26</div>
      
      <div class="step-cell failed">
        <span>When</span>&nbsp;<span>method GET</span>
      </div>
    </div>
    <div class="time-cell failed">239</div>
  </div>

   
  
  

  

  <div class="preformatted" data-parent="1.26">20:15:37.268 request:
1 &gt; GET https://petstore.swagger.io/v2/pet/-1
1 &gt; Host: petstore.swagger.io
1 &gt; Connection: Keep-Alive
1 &gt; User-Agent: Apache-HttpClient/4.5.14 (Java/17.0.13)
1 &gt; Accept-Encoding: gzip,deflate


20:15:37.506 javax.net.ssl.SSLHandshakeException: PKIX path building failed: sun.security.provider.certpath.SunCertPathBuilderException: unable to find valid certification path to requested target, http call failed after 238 milliseconds for url: https://petstore.swagger.io/v2/pet/-1
20:15:37.506 classpath:TestApiPets/BDD/Features/PET/GET/GET_PetByID.feature:26
When method GET
http call failed after 238 milliseconds for url: https://petstore.swagger.io/v2/pet/-1
javax.net.ssl.SSLHandshakeException: PKIX path building failed: sun.security.provider.certpath.SunCertPathBuilderException: unable to find valid certification path to requested target
classpath:TestApiPets/BDD/Features/PET/GET/GET_PetByID.feature:26
</div>   

  

</div>
</div>
          <div><div>
  

  

  <div class="step-row">
    <div class="step-container" id="1.27">
      <div class="step-ref skipped">27</div>
      
      <div class="step-cell skipped">
        <span>Then</span>&nbsp;<span>status 404</span>
      </div>
    </div>
    <div class="time-cell skipped">0</div>
  </div>

   
  
  

  

     

  

</div>
</div>
          <div><div>
  

  

  <div class="step-row">
    <div class="step-container" id="1.28">
      <div class="step-ref skipped">28</div>
      
      <div class="step-cell skipped">
        <span>And</span>&nbsp;<span>match response.message == &#39;Pet not found&#39;</span>
      </div>
    </div>
    <div class="time-cell skipped">0</div>
  </div>

   
  
  

  

     

  

</div>
</div>
          <div><div>
  

  

  <div class="step-row">
    <div class="step-container" id="1.29">
      <div class="step-ref skipped">29</div>
      
      <div class="step-cell skipped">
        <span>And</span>&nbsp;<span>match response.type == &#39;error&#39;</span>
      </div>
    </div>
    <div class="time-cell skipped">0</div>
  </div>

   
  
  

  

     

  

</div>
</div>
          <div><div>
  

  

  <div class="step-row">
    <div class="step-container" id="1.30">
      <div class="step-ref skipped">30</div>
      
      <div class="step-cell skipped">
        <span>And</span>&nbsp;<span>match response.code == 1</span>
      </div>
    </div>
    <div class="time-cell skipped">0</div>
  </div>

   
  
  

  

     

  

</div>
</div>
        </div>
        <div class="scenario">
          <div class="scenario-heading" id="[2.2:34]">
            <div class="heading-container">
              <div class="scenario-tags">
                <a class="badge badge-primary" href="karate-tags.html">UnhappyPath</a><a class="badge badge-primary" href="karate-tags.html">PetByNoOk</a><a class="badge badge-primary" href="karate-tags.html">componente</a>
              </div>
              <div class="scenario-keyword">
                Scenario: <span>[2.2:34]</span>
                <span class="scenario-name">buscar mascota por id no existente no ok retornano 404 not found</span>
                <span></span>
              </div>
            </div>
            <div class="scenario-time failed">
              <span>ms:</span>&nbsp;<span>246</span>
            </div>
          </div>
          <div class="step-row">
            <div class="step-container" id="[2.2:34]bg">
              <div class="step-ref bg-step">&gt;&gt;</div>
              <div class="step-cell passed">Background:</div>
            </div>
            <div class="time-cell passed"></div>
          </div>
          <div data-parent="[2.2:34]bg"><div>
  

  

  <div class="step-row">
    <div class="step-container" id="2.3">
      <div class="step-ref bg-step">3</div>
      
      <div class="step-cell passed">
        <span>*</span>&nbsp;<span>def URL = karate.get(&#39;urlBase&#39;)</span>
      </div>
    </div>
    <div class="time-cell passed">1</div>
  </div>

   
  
  

  

  <div class="preformatted" data-parent="2.3">20:15:37.522 karate.env entorno de anbiente es : null 
</div>   

  

</div>
</div>
          <div data-parent="[2.2:34]bg"><div>
  

  

  <div class="step-row">
    <div class="step-container" id="2.4">
      <div class="step-ref bg-step">4</div>
      
      <div class="step-cell passed">
        <span>*</span>&nbsp;<span>def path = &#39;/pet/&#39;</span>
      </div>
    </div>
    <div class="time-cell passed">0</div>
  </div>

   
  
  

  

     

  

</div>
</div>
          <div data-parent="[2.2:34]bg"><div>
  

  

  <div class="step-row">
    <div class="step-container" id="2.5">
      <div class="step-ref bg-step">5</div>
      
      <div class="step-cell passed">
        <span>*</span>&nbsp;<span>karate.log(&#39;urlBase is:&#39;, URL)</span>
      </div>
    </div>
    <div class="time-cell passed">1</div>
  </div>

   
  
  

  

  <div class="preformatted" data-parent="2.5">20:15:37.525 urlBase is: https://petstore.swagger.io/v2 
</div>   

  

</div>
</div>
          <div data-parent="[2.2:34]bg"><div>
  

  

  <div class="step-row">
    <div class="step-container" id="2.6">
      <div class="step-ref bg-step">6</div>
      
      <div class="step-cell passed">
        <span>*</span>&nbsp;<span>def EspectedJson = read(&#39;../Utils/Responses/GET/Get_PetById.json&#39;)</span>
      </div>
    </div>
    <div class="time-cell passed">1</div>
  </div>

   
  
  

  

     

  

</div>
</div>
          <div><div>
  

  

  <div class="step-row">
    <div class="step-container" id="2.25">
      <div class="step-ref passed">25</div>
      
      <div class="step-cell passed">
        <span>Given</span>&nbsp;<span>url URL + path + &#39;1000&#39;</span>
      </div>
    </div>
    <div class="time-cell passed">1</div>
  </div>

   
  
  

  

     

  

</div>
</div>
          <div><div>
  

  

  <div class="step-row">
    <div class="step-container" id="2.26">
      <div class="step-ref failed">26</div>
      
      <div class="step-cell failed">
        <span>When</span>&nbsp;<span>method GET</span>
      </div>
    </div>
    <div class="time-cell failed">242</div>
  </div>

   
  
  

  

  <div class="preformatted" data-parent="2.26">20:15:37.529 request:
1 &gt; GET https://petstore.swagger.io/v2/pet/1000
1 &gt; Host: petstore.swagger.io
1 &gt; Connection: Keep-Alive
1 &gt; User-Agent: Apache-HttpClient/4.5.14 (Java/17.0.13)
1 &gt; Accept-Encoding: gzip,deflate


20:15:37.770 javax.net.ssl.SSLHandshakeException: PKIX path building failed: sun.security.provider.certpath.SunCertPathBuilderException: unable to find valid certification path to requested target, http call failed after 241 milliseconds for url: https://petstore.swagger.io/v2/pet/1000
20:15:37.770 classpath:TestApiPets/BDD/Features/PET/GET/GET_PetByID.feature:26
When method GET
http call failed after 241 milliseconds for url: https://petstore.swagger.io/v2/pet/1000
javax.net.ssl.SSLHandshakeException: PKIX path building failed: sun.security.provider.certpath.SunCertPathBuilderException: unable to find valid certification path to requested target
classpath:TestApiPets/BDD/Features/PET/GET/GET_PetByID.feature:26
</div>   

  

</div>
</div>
          <div><div>
  

  

  <div class="step-row">
    <div class="step-container" id="2.27">
      <div class="step-ref skipped">27</div>
      
      <div class="step-cell skipped">
        <span>Then</span>&nbsp;<span>status 404</span>
      </div>
    </div>
    <div class="time-cell skipped">0</div>
  </div>

   
  
  

  

     

  

</div>
</div>
          <div><div>
  

  

  <div class="step-row">
    <div class="step-container" id="2.28">
      <div class="step-ref skipped">28</div>
      
      <div class="step-cell skipped">
        <span>And</span>&nbsp;<span>match response.message == &#39;Pet not found&#39;</span>
      </div>
    </div>
    <div class="time-cell skipped">0</div>
  </div>

   
  
  

  

     

  

</div>
</div>
          <div><div>
  

  

  <div class="step-row">
    <div class="step-container" id="2.29">
      <div class="step-ref skipped">29</div>
      
      <div class="step-cell skipped">
        <span>And</span>&nbsp;<span>match response.type == &#39;error&#39;</span>
      </div>
    </div>
    <div class="time-cell skipped">0</div>
  </div>

   
  
  

  

     

  

</div>
</div>
          <div><div>
  

  

  <div class="step-row">
    <div class="step-container" id="2.30">
      <div class="step-ref skipped">30</div>
      
      <div class="step-cell skipped">
        <span>And</span>&nbsp;<span>match response.code == 1</span>
      </div>
    </div>
    <div class="time-cell skipped">0</div>
  </div>

   
  
  

  

     

  

</div>
</div>
        </div>
        <div class="scenario">
          <div class="scenario-heading" id="[2.3:35]">
            <div class="heading-container">
              <div class="scenario-tags">
                <a class="badge badge-primary" href="karate-tags.html">UnhappyPath</a><a class="badge badge-primary" href="karate-tags.html">PetByNoOk</a><a class="badge badge-primary" href="karate-tags.html">componente</a>
              </div>
              <div class="scenario-keyword">
                Scenario: <span>[2.3:35]</span>
                <span class="scenario-name">buscar mascota por id no existente no ok retornano 404 not found</span>
                <span></span>
              </div>
            </div>
            <div class="scenario-time failed">
              <span>ms:</span>&nbsp;<span>254</span>
            </div>
          </div>
          <div class="step-row">
            <div class="step-container" id="[2.3:35]bg">
              <div class="step-ref bg-step">&gt;&gt;</div>
              <div class="step-cell passed">Background:</div>
            </div>
            <div class="time-cell passed"></div>
          </div>
          <div data-parent="[2.3:35]bg"><div>
  

  

  <div class="step-row">
    <div class="step-container" id="3.3">
      <div class="step-ref bg-step">3</div>
      
      <div class="step-cell passed">
        <span>*</span>&nbsp;<span>def URL = karate.get(&#39;urlBase&#39;)</span>
      </div>
    </div>
    <div class="time-cell passed">1</div>
  </div>

   
  
  

  

  <div class="preformatted" data-parent="3.3">20:15:37.786 karate.env entorno de anbiente es : null 
</div>   

  

</div>
</div>
          <div data-parent="[2.3:35]bg"><div>
  

  

  <div class="step-row">
    <div class="step-container" id="3.4">
      <div class="step-ref bg-step">4</div>
      
      <div class="step-cell passed">
        <span>*</span>&nbsp;<span>def path = &#39;/pet/&#39;</span>
      </div>
    </div>
    <div class="time-cell passed">1</div>
  </div>

   
  
  

  

     

  

</div>
</div>
          <div data-parent="[2.3:35]bg"><div>
  

  

  <div class="step-row">
    <div class="step-container" id="3.5">
      <div class="step-ref bg-step">5</div>
      
      <div class="step-cell passed">
        <span>*</span>&nbsp;<span>karate.log(&#39;urlBase is:&#39;, URL)</span>
      </div>
    </div>
    <div class="time-cell passed">1</div>
  </div>

   
  
  

  

  <div class="preformatted" data-parent="3.5">20:15:37.791 urlBase is: https://petstore.swagger.io/v2 
</div>   

  

</div>
</div>
          <div data-parent="[2.3:35]bg"><div>
  

  

  <div class="step-row">
    <div class="step-container" id="3.6">
      <div class="step-ref bg-step">6</div>
      
      <div class="step-cell passed">
        <span>*</span>&nbsp;<span>def EspectedJson = read(&#39;../Utils/Responses/GET/Get_PetById.json&#39;)</span>
      </div>
    </div>
    <div class="time-cell passed">2</div>
  </div>

   
  
  

  

     

  

</div>
</div>
          <div><div>
  

  

  <div class="step-row">
    <div class="step-container" id="3.25">
      <div class="step-ref passed">25</div>
      
      <div class="step-cell passed">
        <span>Given</span>&nbsp;<span>url URL + path + &#39;2000&#39;</span>
      </div>
    </div>
    <div class="time-cell passed">1</div>
  </div>

   
  
  

  

     

  

</div>
</div>
          <div><div>
  

  

  <div class="step-row">
    <div class="step-container" id="3.26">
      <div class="step-ref failed">26</div>
      
      <div class="step-cell failed">
        <span>When</span>&nbsp;<span>method GET</span>
      </div>
    </div>
    <div class="time-cell failed">248</div>
  </div>

   
  
  

  

  <div class="preformatted" data-parent="3.26">20:15:37.797 request:
1 &gt; GET https://petstore.swagger.io/v2/pet/2000
1 &gt; Host: petstore.swagger.io
1 &gt; Connection: Keep-Alive
1 &gt; User-Agent: Apache-HttpClient/4.5.14 (Java/17.0.13)
1 &gt; Accept-Encoding: gzip,deflate


20:15:38.042 javax.net.ssl.SSLHandshakeException: PKIX path building failed: sun.security.provider.certpath.SunCertPathBuilderException: unable to find valid certification path to requested target, http call failed after 247 milliseconds for url: https://petstore.swagger.io/v2/pet/2000
20:15:38.044 classpath:TestApiPets/BDD/Features/PET/GET/GET_PetByID.feature:26
When method GET
http call failed after 247 milliseconds for url: https://petstore.swagger.io/v2/pet/2000
javax.net.ssl.SSLHandshakeException: PKIX path building failed: sun.security.provider.certpath.SunCertPathBuilderException: unable to find valid certification path to requested target
classpath:TestApiPets/BDD/Features/PET/GET/GET_PetByID.feature:26
</div>   

  

</div>
</div>
          <div><div>
  

  

  <div class="step-row">
    <div class="step-container" id="3.27">
      <div class="step-ref skipped">27</div>
      
      <div class="step-cell skipped">
        <span>Then</span>&nbsp;<span>status 404</span>
      </div>
    </div>
    <div class="time-cell skipped">0</div>
  </div>

   
  
  

  

     

  

</div>
</div>
          <div><div>
  

  

  <div class="step-row">
    <div class="step-container" id="3.28">
      <div class="step-ref skipped">28</div>
      
      <div class="step-cell skipped">
        <span>And</span>&nbsp;<span>match response.message == &#39;Pet not found&#39;</span>
      </div>
    </div>
    <div class="time-cell skipped">0</div>
  </div>

   
  
  

  

     

  

</div>
</div>
          <div><div>
  

  

  <div class="step-row">
    <div class="step-container" id="3.29">
      <div class="step-ref skipped">29</div>
      
      <div class="step-cell skipped">
        <span>And</span>&nbsp;<span>match response.type == &#39;error&#39;</span>
      </div>
    </div>
    <div class="time-cell skipped">0</div>
  </div>

   
  
  

  

     

  

</div>
</div>
          <div><div>
  

  

  <div class="step-row">
    <div class="step-container" id="3.30">
      <div class="step-ref skipped">30</div>
      
      <div class="step-cell skipped">
        <span>And</span>&nbsp;<span>match response.code == 1</span>
      </div>
    </div>
    <div class="time-cell skipped">0</div>
  </div>

   
  
  

  

     

  

</div>
</div>
        </div>
        <div class="scenario">
          <div class="scenario-heading" id="[3.1:46]">
            <div class="heading-container">
              <div class="scenario-tags">
                <a class="badge badge-primary" href="karate-tags.html">UnhappyPath</a><a class="badge badge-primary" href="karate-tags.html">PetByNoOk</a><a class="badge badge-primary" href="karate-tags.html">componente</a>
              </div>
              <div class="scenario-keyword">
                Scenario: <span>[3.1:46]</span>
                <span class="scenario-name">buscar mascota por id con caraceteres no validos o especiales</span>
                <span></span>
              </div>
            </div>
            <div class="scenario-time failed">
              <span>ms:</span>&nbsp;<span>249</span>
            </div>
          </div>
          <div class="step-row">
            <div class="step-container" id="[3.1:46]bg">
              <div class="step-ref bg-step">&gt;&gt;</div>
              <div class="step-cell passed">Background:</div>
            </div>
            <div class="time-cell passed"></div>
          </div>
          <div data-parent="[3.1:46]bg"><div>
  

  

  <div class="step-row">
    <div class="step-container" id="1.3">
      <div class="step-ref bg-step">3</div>
      
      <div class="step-cell passed">
        <span>*</span>&nbsp;<span>def URL = karate.get(&#39;urlBase&#39;)</span>
      </div>
    </div>
    <div class="time-cell passed">1</div>
  </div>

   
  
  

  

  <div class="preformatted" data-parent="1.3">20:15:38.051 karate.env entorno de anbiente es : null 
</div>   

  

</div>
</div>
          <div data-parent="[3.1:46]bg"><div>
  

  

  <div class="step-row">
    <div class="step-container" id="1.4">
      <div class="step-ref bg-step">4</div>
      
      <div class="step-cell passed">
        <span>*</span>&nbsp;<span>def path = &#39;/pet/&#39;</span>
      </div>
    </div>
    <div class="time-cell passed">0</div>
  </div>

   
  
  

  

     

  

</div>
</div>
          <div data-parent="[3.1:46]bg"><div>
  

  

  <div class="step-row">
    <div class="step-container" id="1.5">
      <div class="step-ref bg-step">5</div>
      
      <div class="step-cell passed">
        <span>*</span>&nbsp;<span>karate.log(&#39;urlBase is:&#39;, URL)</span>
      </div>
    </div>
    <div class="time-cell passed">1</div>
  </div>

   
  
  

  

  <div class="preformatted" data-parent="1.5">20:15:38.054 urlBase is: https://petstore.swagger.io/v2 
</div>   

  

</div>
</div>
          <div data-parent="[3.1:46]bg"><div>
  

  

  <div class="step-row">
    <div class="step-container" id="1.6">
      <div class="step-ref bg-step">6</div>
      
      <div class="step-cell passed">
        <span>*</span>&nbsp;<span>def EspectedJson = read(&#39;../Utils/Responses/GET/Get_PetById.json&#39;)</span>
      </div>
    </div>
    <div class="time-cell passed">1</div>
  </div>

   
  
  

  

     

  

</div>
</div>
          <div><div>
  

  

  <div class="step-row">
    <div class="step-container" id="1.39">
      <div class="step-ref passed">39</div>
      
      <div class="step-cell passed">
        <span>Given</span>&nbsp;<span>url URL + path + &#39;aspdasd$22&#39;</span>
      </div>
    </div>
    <div class="time-cell passed">2</div>
  </div>

   
  
  

  

     

  

</div>
</div>
          <div><div>
  

  

  <div class="step-row">
    <div class="step-container" id="1.40">
      <div class="step-ref failed">40</div>
      
      <div class="step-cell failed">
        <span>When</span>&nbsp;<span>method GET</span>
      </div>
    </div>
    <div class="time-cell failed">243</div>
  </div>

   
  
  

  

  <div class="preformatted" data-parent="1.40">20:15:38.060 request:
1 &gt; GET https://petstore.swagger.io/v2/pet/aspdasd$22
1 &gt; Host: petstore.swagger.io
1 &gt; Connection: Keep-Alive
1 &gt; User-Agent: Apache-HttpClient/4.5.14 (Java/17.0.13)
1 &gt; Accept-Encoding: gzip,deflate


20:15:38.302 javax.net.ssl.SSLHandshakeException: PKIX path building failed: sun.security.provider.certpath.SunCertPathBuilderException: unable to find valid certification path to requested target, http call failed after 243 milliseconds for url: https://petstore.swagger.io/v2/pet/aspdasd$22
20:15:38.303 classpath:TestApiPets/BDD/Features/PET/GET/GET_PetByID.feature:40
When method GET
http call failed after 243 milliseconds for url: https://petstore.swagger.io/v2/pet/aspdasd$22
javax.net.ssl.SSLHandshakeException: PKIX path building failed: sun.security.provider.certpath.SunCertPathBuilderException: unable to find valid certification path to requested target
classpath:TestApiPets/BDD/Features/PET/GET/GET_PetByID.feature:40
</div>   

  

</div>
</div>
          <div><div>
  

  

  <div class="step-row">
    <div class="step-container" id="1.41">
      <div class="step-ref skipped">41</div>
      
      <div class="step-cell skipped">
        <span>Then</span>&nbsp;<span>status 404</span>
      </div>
    </div>
    <div class="time-cell skipped">0</div>
  </div>

   
  
  

  

     

  

</div>
</div>
          <div><div>
  

  

  <div class="step-row">
    <div class="step-container" id="1.42">
      <div class="step-ref skipped">42</div>
      
      <div class="step-cell skipped">
        <span>And</span>&nbsp;<span>match response.code == 404</span>
      </div>
    </div>
    <div class="time-cell skipped">0</div>
  </div>

   
  
  

  

     

  

</div>
</div>
          <div><div>
  

  

  <div class="step-row">
    <div class="step-container" id="1.43">
      <div class="step-ref skipped">43</div>
      
      <div class="step-cell skipped">
        <span>And</span>&nbsp;<span>match response.type == &#39;unknown&#39;</span>
      </div>
    </div>
    <div class="time-cell skipped">0</div>
  </div>

   
  
  

  

     

  

</div>
</div>
        </div>
        <div class="scenario">
          <div class="scenario-heading" id="[3.2:47]">
            <div class="heading-container">
              <div class="scenario-tags">
                <a class="badge badge-primary" href="karate-tags.html">UnhappyPath</a><a class="badge badge-primary" href="karate-tags.html">PetByNoOk</a><a class="badge badge-primary" href="karate-tags.html">componente</a>
              </div>
              <div class="scenario-keyword">
                Scenario: <span>[3.2:47]</span>
                <span class="scenario-name">buscar mascota por id con caraceteres no validos o especiales</span>
                <span></span>
              </div>
            </div>
            <div class="scenario-time failed">
              <span>ms:</span>&nbsp;<span>255</span>
            </div>
          </div>
          <div class="step-row">
            <div class="step-container" id="[3.2:47]bg">
              <div class="step-ref bg-step">&gt;&gt;</div>
              <div class="step-cell passed">Background:</div>
            </div>
            <div class="time-cell passed"></div>
          </div>
          <div data-parent="[3.2:47]bg"><div>
  

  

  <div class="step-row">
    <div class="step-container" id="2.3">
      <div class="step-ref bg-step">3</div>
      
      <div class="step-cell passed">
        <span>*</span>&nbsp;<span>def URL = karate.get(&#39;urlBase&#39;)</span>
      </div>
    </div>
    <div class="time-cell passed">1</div>
  </div>

   
  
  

  

  <div class="preformatted" data-parent="2.3">20:15:38.317 karate.env entorno de anbiente es : null 
</div>   

  

</div>
</div>
          <div data-parent="[3.2:47]bg"><div>
  

  

  <div class="step-row">
    <div class="step-container" id="2.4">
      <div class="step-ref bg-step">4</div>
      
      <div class="step-cell passed">
        <span>*</span>&nbsp;<span>def path = &#39;/pet/&#39;</span>
      </div>
    </div>
    <div class="time-cell passed">1</div>
  </div>

   
  
  

  

     

  

</div>
</div>
          <div data-parent="[3.2:47]bg"><div>
  

  

  <div class="step-row">
    <div class="step-container" id="2.5">
      <div class="step-ref bg-step">5</div>
      
      <div class="step-cell passed">
        <span>*</span>&nbsp;<span>karate.log(&#39;urlBase is:&#39;, URL)</span>
      </div>
    </div>
    <div class="time-cell passed">1</div>
  </div>

   
  
  

  

  <div class="preformatted" data-parent="2.5">20:15:38.321 urlBase is: https://petstore.swagger.io/v2 
</div>   

  

</div>
</div>
          <div data-parent="[3.2:47]bg"><div>
  

  

  <div class="step-row">
    <div class="step-container" id="2.6">
      <div class="step-ref bg-step">6</div>
      
      <div class="step-cell passed">
        <span>*</span>&nbsp;<span>def EspectedJson = read(&#39;../Utils/Responses/GET/Get_PetById.json&#39;)</span>
      </div>
    </div>
    <div class="time-cell passed">2</div>
  </div>

   
  
  

  

     

  

</div>
</div>
          <div><div>
  

  

  <div class="step-row">
    <div class="step-container" id="2.39">
      <div class="step-ref passed">39</div>
      
      <div class="step-cell passed">
        <span>Given</span>&nbsp;<span>url URL + path + &#39;0a&#39;</span>
      </div>
    </div>
    <div class="time-cell passed">1</div>
  </div>

   
  
  

  

     

  

</div>
</div>
          <div><div>
  

  

  <div class="step-row">
    <div class="step-container" id="2.40">
      <div class="step-ref failed">40</div>
      
      <div class="step-cell failed">
        <span>When</span>&nbsp;<span>method GET</span>
      </div>
    </div>
    <div class="time-cell failed">249</div>
  </div>

   
  
  

  

  <div class="preformatted" data-parent="2.40">20:15:38.327 request:
1 &gt; GET https://petstore.swagger.io/v2/pet/0a
1 &gt; Host: petstore.swagger.io
1 &gt; Connection: Keep-Alive
1 &gt; User-Agent: Apache-HttpClient/4.5.14 (Java/17.0.13)
1 &gt; Accept-Encoding: gzip,deflate


20:15:38.573 javax.net.ssl.SSLHandshakeException: PKIX path building failed: sun.security.provider.certpath.SunCertPathBuilderException: unable to find valid certification path to requested target, http call failed after 248 milliseconds for url: https://petstore.swagger.io/v2/pet/0a
20:15:38.574 classpath:TestApiPets/BDD/Features/PET/GET/GET_PetByID.feature:40
When method GET
http call failed after 248 milliseconds for url: https://petstore.swagger.io/v2/pet/0a
javax.net.ssl.SSLHandshakeException: PKIX path building failed: sun.security.provider.certpath.SunCertPathBuilderException: unable to find valid certification path to requested target
classpath:TestApiPets/BDD/Features/PET/GET/GET_PetByID.feature:40
</div>   

  

</div>
</div>
          <div><div>
  

  

  <div class="step-row">
    <div class="step-container" id="2.41">
      <div class="step-ref skipped">41</div>
      
      <div class="step-cell skipped">
        <span>Then</span>&nbsp;<span>status 404</span>
      </div>
    </div>
    <div class="time-cell skipped">0</div>
  </div>

   
  
  

  

     

  

</div>
</div>
          <div><div>
  

  

  <div class="step-row">
    <div class="step-container" id="2.42">
      <div class="step-ref skipped">42</div>
      
      <div class="step-cell skipped">
        <span>And</span>&nbsp;<span>match response.code == 404</span>
      </div>
    </div>
    <div class="time-cell skipped">0</div>
  </div>

   
  
  

  

     

  

</div>
</div>
          <div><div>
  

  

  <div class="step-row">
    <div class="step-container" id="2.43">
      <div class="step-ref skipped">43</div>
      
      <div class="step-cell skipped">
        <span>And</span>&nbsp;<span>match response.type == &#39;unknown&#39;</span>
      </div>
    </div>
    <div class="time-cell skipped">0</div>
  </div>

   
  
  

  

     

  

</div>
</div>
        </div>
      </div>
    </div>
  </body>
</html>

